C:\Users\Harsh Mukesh Sharma\AppData\Local\Programs\Python\Python313\Lib\site-packages\sklearn\metrics\_ranking.py:442: UndefinedMetricWarning: Only one class is present in y_true. ROC AUC score is not defined in that case.
  warnings.warn(
C:\Users\Harsh Mukesh Sharma\AppData\Local\Programs\Python\Python313\Lib\site-packages\sklearn\metrics\_ranking.py:442: UndefinedMetricWarning: Only one class is present in y_true. ROC AUC score is not defined in that case.
  warnings.warn(
C:\Users\Harsh Mukesh Sharma\AppData\Local\Programs\Python\Python313\Lib\site-packages\sklearn\metrics\_ranking.py:442: UndefinedMetricWarning: Only one class is present in y_true. ROC AUC score is not defined in that case.
  warnings.warn(
C:\Users\Harsh Mukesh Sharma\AppData\Local\Programs\Python\Python313\Lib\site-packages\sklearn\metrics\_ranking.py:442: UndefinedMetricWarning: Only one class is present in y_true. ROC AUC score is not defined in that case.
  warnings.warn(
C:\Users\Harsh Mukesh Sharma\AppData\Local\Programs\Python\Python313\Lib\site-packages\sklearn\metrics\_ranking.py:442: UndefinedMetricWarning: Only one class is present in y_true. ROC AUC score is not defined in that case.
  warnings.warn(
C:\Users\Harsh Mukesh Sharma\AppData\Local\Programs\Python\Python313\Lib\site-packages\sklearn\metrics\_ranking.py:442: UndefinedMetricWarning: Only one class is present in y_true. ROC AUC score is not defined in that case.
  warnings.warn(
C:\Users\Harsh Mukesh Sharma\AppData\Local\Programs\Python\Python313\Lib\site-packages\sklearn\metrics\_ranking.py:442: UndefinedMetricWarning: Only one class is present in y_true. ROC AUC score is not defined in that case.
  warnings.warn(
C:\Users\Harsh Mukesh Sharma\AppData\Local\Programs\Python\Python313\Lib\site-packages\sklearn\metrics\_classification.py:620: UserWarning: A single label was found in 'y_true' and 'y_pred'. For the confusion matrix to have the correct shape, use the 'labels' parameter to pass all known labels.
  warnings.warn(
C:\Users\Harsh Mukesh Sharma\AppData\Local\Programs\Python\Python313\Lib\site-packages\sklearn\metrics\_ranking.py:442: UndefinedMetricWarning: Only one class is present in y_true. ROC AUC score is not defined in that case.
  warnings.warn(
C:\Users\Harsh Mukesh Sharma\AppData\Local\Programs\Python\Python313\Lib\site-packages\sklearn\metrics\_ranking.py:442: UndefinedMetricWarning: Only one class is present in y_true. ROC AUC score is not defined in that case.
  warnings.warn(
C:\Users\Harsh Mukesh Sharma\AppData\Local\Programs\Python\Python313\Lib\site-packages\sklearn\metrics\_ranking.py:442: UndefinedMetricWarning: Only one class is present in y_true. ROC AUC score is not defined in that case.
  warnings.warn(
C:\Users\Harsh Mukesh Sharma\AppData\Local\Programs\Python\Python313\Lib\site-packages\sklearn\metrics\_ranking.py:442: UndefinedMetricWarning: Only one class is present in y_true. ROC AUC score is not defined in that case.
  warnings.warn(
C:\Users\Harsh Mukesh Sharma\AppData\Local\Programs\Python\Python313\Lib\site-packages\sklearn\metrics\_ranking.py:442: UndefinedMetricWarning: Only one class is present in y_true. ROC AUC score is not defined in that case.
  warnings.warn(
C:\Users\Harsh Mukesh Sharma\AppData\Local\Programs\Python\Python313\Lib\site-packages\sklearn\metrics\_ranking.py:442: UndefinedMetricWarning: Only one class is present in y_true. ROC AUC score is not defined in that case.
  warnings.warn(
C:\Users\Harsh Mukesh Sharma\AppData\Local\Programs\Python\Python313\Lib\site-packages\sklearn\metrics\_ranking.py:442: UndefinedMetricWarning: Only one class is present in y_true. ROC AUC score is not defined in that case.
  warnings.warn(
C:\Users\Harsh Mukesh Sharma\AppData\Local\Programs\Python\Python313\Lib\site-packages\sklearn\metrics\_ranking.py:442: UndefinedMetricWarning: Only one class is present in y_true. ROC AUC score is not defined in that case.
  warnings.warn(
C:\Users\Harsh Mukesh Sharma\AppData\Local\Programs\Python\Python313\Lib\site-packages\sklearn\metrics\_ranking.py:442: UndefinedMetricWarning: Only one class is present in y_true. ROC AUC score is not defined in that case.
  warnings.warn(
C:\Users\Harsh Mukesh Sharma\AppData\Local\Programs\Python\Python313\Lib\site-packages\sklearn\metrics\_ranking.py:442: UndefinedMetricWarning: Only one class is present in y_true. ROC AUC score is not defined in that case.
  warnings.warn(
C:\Users\Harsh Mukesh Sharma\AppData\Local\Programs\Python\Python313\Lib\site-packages\sklearn\metrics\_ranking.py:442: UndefinedMetricWarning: Only one class is present in y_true. ROC AUC score is not defined in that case.
  warnings.warn(
C:\Users\Harsh Mukesh Sharma\AppData\Local\Programs\Python\Python313\Lib\site-packages\sklearn\metrics\_ranking.py:442: UndefinedMetricWarning: Only one class is present in y_true. ROC AUC score is not defined in that case.
  warnings.warn(
C:\Users\Harsh Mukesh Sharma\AppData\Local\Programs\Python\Python313\Lib\site-packages\sklearn\metrics\_ranking.py:442: UndefinedMetricWarning: Only one class is present in y_true. ROC AUC score is not defined in that case.
  warnings.warn(
C:\Users\Harsh Mukesh Sharma\AppData\Local\Programs\Python\Python313\Lib\site-packages\sklearn\metrics\_ranking.py:442: UndefinedMetricWarning: Only one class is present in y_true. ROC AUC score is not defined in that case.
  warnings.warn(
C:\Users\Harsh Mukesh Sharma\AppData\Local\Programs\Python\Python313\Lib\site-packages\sklearn\metrics\_ranking.py:442: UndefinedMetricWarning: Only one class is present in y_true. ROC AUC score is not defined in that case.
  warnings.warn(
C:\Users\Harsh Mukesh Sharma\AppData\Local\Programs\Python\Python313\Lib\site-packages\sklearn\metrics\_ranking.py:442: UndefinedMetricWarning: Only one class is present in y_true. ROC AUC score is not defined in that case.
  warnings.warn(
C:\Users\Harsh Mukesh Sharma\AppData\Local\Programs\Python\Python313\Lib\site-packages\sklearn\metrics\_ranking.py:442: UndefinedMetricWarning: Only one class is present in y_true. ROC AUC score is not defined in that case.
  warnings.warn(
C:\Users\Harsh Mukesh Sharma\AppData\Local\Programs\Python\Python313\Lib\site-packages\sklearn\metrics\_ranking.py:442: UndefinedMetricWarning: Only one class is present in y_true. ROC AUC score is not defined in that case.
  warnings.warn(
C:\Users\Harsh Mukesh Sharma\AppData\Local\Programs\Python\Python313\Lib\site-packages\sklearn\metrics\_ranking.py:442: UndefinedMetricWarning: Only one class is present in y_true. ROC AUC score is not defined in that case.
  warnings.warn(
C:\Users\Harsh Mukesh Sharma\AppData\Local\Programs\Python\Python313\Lib\site-packages\sklearn\metrics\_ranking.py:442: UndefinedMetricWarning: Only one class is present in y_true. ROC AUC score is not defined in that case.
  warnings.warn(

Device: cuda
Hyperparameter Grid:
  Window sizes: ['24hr', '48hr', '72hr']
  Weight decays: [1e-05, 0.0001, 0.001]
  Dropout rates: [0.2, 0.4, 0.6]
  Total configs: 27 = 27

================================================================================
APPROACH 1A EXTENDED: Hyperparameter Grid Search
================================================================================

[Window: 24hr (1440 min)]
--------------------------------------------------------------------------------
Loaded metadata for 55 participants:
  Controls: 32
  Condition (Unipolar=2, Bipolar I~1.5, Bipolar II=1): 23

Experiment 2 dataset created:
  Total windows: 730
  Label distribution: [257 473]
  Shape: (730, 1440)

Participant-level split:
  Train: 18 participants, 559 windows
  Val:   2 participants, 85 windows
  Test:  3 participants, 86 windows

  Config 1/27: wd=1e-05_do=0.2
    Accuracy: 0.1395 | ROC-AUC: nan

  Config 2/27: wd=1e-05_do=0.4
    Accuracy: 0.2209 | ROC-AUC: nan

  Config 3/27: wd=1e-05_do=0.6
    Accuracy: 0.1977 | ROC-AUC: nan

  Config 4/27: wd=1e-04_do=0.2
    Accuracy: 0.0814 | ROC-AUC: nan

  Config 5/27: wd=1e-04_do=0.4
    Accuracy: 0.2558 | ROC-AUC: nan

  Config 6/27: wd=1e-04_do=0.6
    Accuracy: 0.9070 | ROC-AUC: nan

  Config 7/27: wd=1e-03_do=0.2
    Accuracy: 1.0000 | ROC-AUC: nan

  Config 8/27: wd=1e-03_do=0.4
    Accuracy: 0.0233 | ROC-AUC: nan

  Config 9/27: wd=1e-03_do=0.6
    Accuracy: 0.1279 | ROC-AUC: nan

[Window: 48hr (2880 min)]
--------------------------------------------------------------------------------
Loaded metadata for 55 participants:
  Controls: 32
  Condition (Unipolar=2, Bipolar I~1.5, Bipolar II=1): 23

Experiment 2 dataset created:
  Total windows: 348
  Label distribution: [123 225]
  Shape: (348, 2880)

Participant-level split:
  Train: 18 participants, 266 windows
  Val:   2 participants, 41 windows
  Test:  3 participants, 41 windows

  Config 10/27: wd=1e-05_do=0.2
    Accuracy: 0.4634 | ROC-AUC: nan

  Config 11/27: wd=1e-05_do=0.4
    Accuracy: 0.3171 | ROC-AUC: nan

  Config 12/27: wd=1e-05_do=0.6
    Accuracy: 0.3659 | ROC-AUC: nan

  Config 13/27: wd=1e-04_do=0.2
    Accuracy: 0.3171 | ROC-AUC: nan

  Config 14/27: wd=1e-04_do=0.4
    Accuracy: 0.6341 | ROC-AUC: nan

  Config 15/27: wd=1e-04_do=0.6
    Accuracy: 0.3902 | ROC-AUC: nan

  Config 16/27: wd=1e-03_do=0.2
    Accuracy: 0.3902 | ROC-AUC: nan

  Config 17/27: wd=1e-03_do=0.4
    Accuracy: 0.2195 | ROC-AUC: nan

  Config 18/27: wd=1e-03_do=0.6
    Accuracy: 0.4146 | ROC-AUC: nan

[Window: 72hr (4320 min)]
--------------------------------------------------------------------------------
Loaded metadata for 55 participants:
  Controls: 32
  Condition (Unipolar=2, Bipolar I~1.5, Bipolar II=1): 23

Experiment 2 dataset created:
  Total windows: 219
  Label distribution: [ 78 141]
  Shape: (219, 4320)

Participant-level split:
  Train: 18 participants, 167 windows
  Val:   2 participants, 26 windows
  Test:  3 participants, 26 windows

  Config 19/27: wd=1e-05_do=0.2
    Accuracy: 0.4231 | ROC-AUC: nan

  Config 20/27: wd=1e-05_do=0.4
    Accuracy: 0.3846 | ROC-AUC: nan

  Config 21/27: wd=1e-05_do=0.6
    Accuracy: 0.3846 | ROC-AUC: nan

  Config 22/27: wd=1e-04_do=0.2
    Accuracy: 0.3462 | ROC-AUC: nan

  Config 23/27: wd=1e-04_do=0.4
    Accuracy: 0.2308 | ROC-AUC: nan

  Config 24/27: wd=1e-04_do=0.6
    Accuracy: 0.3846 | ROC-AUC: nan

  Config 25/27: wd=1e-03_do=0.2
    Accuracy: 0.3462 | ROC-AUC: nan

  Config 26/27: wd=1e-03_do=0.4
    Accuracy: 0.3846 | ROC-AUC: nan

  Config 27/27: wd=1e-03_do=0.6
    Accuracy: 0.1538 | ROC-AUC: nan

================================================================================
SUMMARY: Complete Hyperparameter Grid Search Results
================================================================================

24hr:
  ----------------------------------------------------------------------------
    wd=1e-03_do=0.2               : Accuracy=1.0000
    wd=1e-03_do=0.4               : Accuracy=0.0233
    wd=1e-03_do=0.6               : Accuracy=0.1279
    wd=1e-04_do=0.2               : Accuracy=0.0814
    wd=1e-04_do=0.4               : Accuracy=0.2558
    wd=1e-04_do=0.6               : Accuracy=0.9070
    wd=1e-05_do=0.2               : Accuracy=0.1395
    wd=1e-05_do=0.4               : Accuracy=0.2209
    wd=1e-05_do=0.6               : Accuracy=0.1977
  Best for 24hr: wd=1e-03_do=0.2 (1.0000)

48hr:
  ----------------------------------------------------------------------------
    wd=1e-03_do=0.2               : Accuracy=0.3902
    wd=1e-03_do=0.4               : Accuracy=0.2195
    wd=1e-03_do=0.6               : Accuracy=0.4146
    wd=1e-04_do=0.2               : Accuracy=0.3171
    wd=1e-04_do=0.4               : Accuracy=0.6341
    wd=1e-04_do=0.6               : Accuracy=0.3902
    wd=1e-05_do=0.2               : Accuracy=0.4634
    wd=1e-05_do=0.4               : Accuracy=0.3171
    wd=1e-05_do=0.6               : Accuracy=0.3659
  Best for 48hr: wd=1e-04_do=0.4 (0.6341)

72hr:
  ----------------------------------------------------------------------------
    wd=1e-03_do=0.2               : Accuracy=0.3462
    wd=1e-03_do=0.4               : Accuracy=0.3846
    wd=1e-03_do=0.6               : Accuracy=0.1538
    wd=1e-04_do=0.2               : Accuracy=0.3462
    wd=1e-04_do=0.4               : Accuracy=0.2308
    wd=1e-04_do=0.6               : Accuracy=0.3846
    wd=1e-05_do=0.2               : Accuracy=0.4231
    wd=1e-05_do=0.4               : Accuracy=0.3846
    wd=1e-05_do=0.6               : Accuracy=0.3846
  Best for 72hr: wd=1e-05_do=0.2 (0.4231)

================================================================================
OVERALL BEST:
  Window: 24hr
  Config: wd=1e-03_do=0.2
  Accuracy: 1.0000
================================================================================

[SAVED] Extended results saved to findings\1A\results_1a_extended.json
